<?xml version="1.0" encoding="UTF-8"?>
<testsuite xmlns:xsi="http://www.w3.org/2001/XMLSchema-instance" xsi:noNamespaceSchemaLocation="https://maven.apache.org/surefire/maven-surefire-plugin/xsd/surefire-test-report-3.0.xsd" version="3.0" name="com.example.demo.CommunityEmailControllerTest" time="0.104" tests="3" errors="0" skipped="0" failures="0">
  <properties>
[...]
</properties>
  <testcase name="testGetEmailsByCity_withNoPersonsInCity" classname="com.example.demo.CommunityEmailControllerTest" time="0.004">
    <system-out><![CDATA[2024-11-07T14:41:03.731+01:00  INFO 48661 --- [demo] [           main] t.c.s.AnnotationConfigContextLoaderUtils : Could not detect default configuration classes for test class [com.example.demo.CommunityEmailControllerTest]: CommunityEmailControllerTest does not declare any static, non-private, non-final, nested classes annotated with @Configuration.
2024-11-07T14:41:03.736+01:00  INFO 48661 --- [demo] [           main] .b.t.c.SpringBootTestContextBootstrapper : Found @SpringBootConfiguration com.example.demo.DemoApplication for test class com.example.demo.CommunityEmailControllerTest
2024-11-07T14:41:03.738+01:00  INFO 48661 --- [demo] [           main] o.s.b.d.r.RestartApplicationListener     : Restart disabled due to context in which it is running

  .   ____          _            __ _ _
 /\\ / ___'_ __ _ _(_)_ __  __ _ \ \ \ \
( ( )\___ | '_ | '_| | '_ \/ _` | \ \ \ \
 \\/  ___)| |_)| | | | | || (_| |  ) ) ) )
  '  |____| .__|_| |_|_| |_\__, | / / / /
 =========|_|==============|___/=/_/_/_/

 :: Spring Boot ::                (v3.3.3)

2024-11-07T14:41:03.746+01:00  INFO 48661 --- [demo] [           main] c.e.demo.CommunityEmailControllerTest    : Starting CommunityEmailControllerTest using Java 23.0.1 with PID 48661 (started by ibenhamouda in /Users/ibenhamouda/git/NewProject/SafetyNetProjet/demo)
2024-11-07T14:41:03.746+01:00  INFO 48661 --- [demo] [           main] c.e.demo.CommunityEmailControllerTest    : No active profile set, falling back to 1 default profile: "default"
2024-11-07T14:41:03.819+01:00  INFO 48661 --- [demo] [           main] o.s.b.t.m.w.SpringBootMockServletContext : Initializing Spring TestDispatcherServlet ''
2024-11-07T14:41:03.819+01:00  INFO 48661 --- [demo] [           main] o.s.t.web.servlet.TestDispatcherServlet  : Initializing Servlet ''
2024-11-07T14:41:03.820+01:00  INFO 48661 --- [demo] [           main] o.s.t.web.servlet.TestDispatcherServlet  : Completed initialization in 1 ms
2024-11-07T14:41:03.823+01:00  INFO 48661 --- [demo] [           main] c.e.demo.CommunityEmailControllerTest    : Started CommunityEmailControllerTest in 0.086 seconds (process running for 2.783)
]]></system-out>
  </testcase>
  <testcase name="testGetEmailsByCity_withValidCity" classname="com.example.demo.CommunityEmailControllerTest" time="0.002"/>
  <testcase name="testGetEmailsByCity_missingCityParam" classname="com.example.demo.CommunityEmailControllerTest" time="0.002">
    <system-out><![CDATA[2024-11-07T14:41:03.833+01:00  WARN 48661 --- [demo] [           main] .w.s.m.s.DefaultHandlerExceptionResolver : Resolved [org.springframework.web.bind.MissingServletRequestParameterException: Required request parameter 'city' for method parameter type String is not present]
]]></system-out>
  </testcase>
</testsuite>